@0 GITREV=9382352f0d2a12a202865fc1981160b16bd0666f, GITCLEAN=1
@0 Create from elfs
@0 dimX=8, dimY=3
@0 Reading ELF file out/generated/default.elf
@0 Reading ELF file out/generated/coord.elf
@0 Reading ELF file out/bin/out_0_0.elf
@0 Reading ELF file out/east/bin/out_1_0.elf
@0 Reading ELF file out/east/bin/out_0_0.elf
@0 Reading ELF file out/west/bin/out_1_0.elf
@0 Reading ELF file out/west/bin/out_0_0.elf
@0 Reading ELF file out/west/bin/out_2_0.elf
@0 Reading ELF file out/generated/MEMCPY_XY_ROUTES.elf
@0 Invocation key is: simBCE3C28536ED1D953F3A45A5714D4794
@0 Plan key is: plan1523E33258F177BA84042C34EC2F2DE1
@0 SimTraceCtf, flags:  wavelets=0 landing=1 inst=1 switch_positions=0 stalls=1
@0 P0.0 (hwtile) tile trace flag: inst_trace,landing,stalls
@0 P1.0 (nul) tile trace flag: inst_trace,landing,stalls
@0 P2.0 (nul) tile trace flag: inst_trace,landing,stalls
@0 P3.0 (nul) tile trace flag: inst_trace,landing,stalls
@0 P4.0 (nul) tile trace flag: inst_trace,landing,stalls
@0 P5.0 (nul) tile trace flag: inst_trace,landing,stalls
@0 P6.0 (nul) tile trace flag: inst_trace,landing,stalls
@0 P7.0 (hwtile) tile trace flag: inst_trace,landing,stalls
@0 P0.1 (hwtile) tile trace flag: inst_trace,landing,stalls
@0 P1.1 (hwtile) tile trace flag: inst_trace,landing,stalls
@0 P2.1 (hwtile) tile trace flag: inst_trace,landing,stalls
@0 P3.1 (hwtile) tile trace flag: inst_trace,landing,stalls
@0 P4.1 (hwtile) tile trace flag: inst_trace,landing,stalls
@0 P5.1 (hwtile) tile trace flag: inst_trace,landing,stalls
@0 P6.1 (hwtile) tile trace flag: inst_trace,landing,stalls
@0 P7.1 (hwtile) tile trace flag: inst_trace,landing,stalls
@0 P0.2 (nul) tile trace flag: inst_trace,landing,stalls
@0 P1.2 (nul) tile trace flag: inst_trace,landing,stalls
@0 P2.2 (nul) tile trace flag: inst_trace,landing,stalls
@0 P3.2 (nul) tile trace flag: inst_trace,landing,stalls
@0 P4.2 (nul) tile trace flag: inst_trace,landing,stalls
@0 P5.2 (nul) tile trace flag: inst_trace,landing,stalls
@0 P6.2 (nul) tile trace flag: inst_trace,landing,stalls
@0 P7.2 (nul) tile trace flag: inst_trace,landing,stalls
@0 LW0 (iotile) tile trace flag: inst_trace,landing,stalls
@0 LW1 (iotile) tile trace flag: inst_trace,landing,stalls
@0 LW2 (nul) tile trace flag: inst_trace,landing,stalls
@0 LE0 (iotile) tile trace flag: inst_trace,landing,stalls
@0 LE1 (iotile) tile trace flag: inst_trace,landing,stalls
@0 LE2 (nul) tile trace flag: inst_trace,landing,stalls
@0 LN0 (nul) tile trace flag: inst_trace,landing,stalls
@0 LN1 (nul) tile trace flag: inst_trace,landing,stalls
@0 LN2 (nul) tile trace flag: inst_trace,landing,stalls
@0 LN3 (nul) tile trace flag: inst_trace,landing,stalls
@0 LN4 (nul) tile trace flag: inst_trace,landing,stalls
@0 LN5 (nul) tile trace flag: inst_trace,landing,stalls
@0 LN6 (nul) tile trace flag: inst_trace,landing,stalls
@0 LN7 (nul) tile trace flag: inst_trace,landing,stalls
@0 LS0 (nul) tile trace flag: inst_trace,landing,stalls
@0 LS1 (nul) tile trace flag: inst_trace,landing,stalls
@0 LS2 (nul) tile trace flag: inst_trace,landing,stalls
@0 LS3 (nul) tile trace flag: inst_trace,landing,stalls
@0 LS4 (nul) tile trace flag: inst_trace,landing,stalls
@0 LS5 (nul) tile trace flag: inst_trace,landing,stalls
@0 LS6 (nul) tile trace flag: inst_trace,landing,stalls
@0 LS7 (nul) tile trace flag: inst_trace,landing,stalls
@0 Architecture is: SDR
@0 Simtile is: hwtile
@0 Sim stats: config-time=0.36, nodes=1, threads=5
@0 Sim stats: tiles=46, simulated_tiles=14, hwtile=10, iotile=4, nultile=32
@6782 Request to asynchronously stop simulation
@6782 Request to asynchronously stop simulation
@6784 Stopping due to user request
@6784 4922 cycles since an instruction was executed, 4924 cycles since a wavelet landed
@6784 Simulation used 1.90 seconds, init-time=0.51, total-time=2.42, cycles=6784, cyc/sec=3568.10, tile-cyc/sec=49953.45, tile-cyc/sec-thread=9990.69
@6784 CTF Stats: num_stalls_       =            0
@6784 CTF Stats: num_wavelets      =          254
@6784 CTF Stats: num_inst_dispatch =         2030
@6784 CTF Stats: num_inst_pipe     =         6384
@6784 CTF Stats: num_switch_pos    =            0
